<?xml version="1.0" encoding="UTF-8"?>
<!-- Generated by org.testng.reporters.JUnitReportReporter -->
<testsuite hostname="Gurleen-96" failures="0" tests="1" name="TestNg.Maven_Project.webElementsCommands" time="5.001" errors="0" timestamp="2024-06-06T16:52:12 GMT-04:00" skipped="0">
  <testcase classname="TestNg.Maven_Project.webElementsCommands" name="validateSignUp" time="5.001"/>
  <system-out/>
</testsuite> <!-- TestNg.Maven_Project.webElementsCommands -->
