<?xml version="1.0" encoding="UTF-8"?>
<!-- Generated by org.testng.reporters.JUnitReportReporter -->
<testsuite hostname="Gurleen-96" failures="0" tests="4" name="TestNg.Maven_Project.firstClassTestNG" time="0.013" errors="0" timestamp="2024-05-29T16:09:24 GMT-04:00" skipped="0">
  <testcase classname="TestNg.Maven_Project.firstClassTestNG" name="thirdTest" time="0.005"/>
  <system-out/>
  <testcase classname="TestNg.Maven_Project.firstClassTestNG" name="fourthTest" time="0.005"/>
  <system-out/>
  <testcase classname="TestNg.Maven_Project.firstClassTestNG" name="firstTest" time="0.002"/>
  <system-out/>
  <testcase classname="TestNg.Maven_Project.firstClassTestNG" name="secondTest" time="0.001"/>
  <system-out/>
</testsuite> <!-- TestNg.Maven_Project.firstClassTestNG -->
