<?xml version="1.0" encoding="UTF-8"?>
<!-- Generated by org.testng.reporters.JUnitReportReporter -->
<testsuite hostname="Gurleen-96" failures="0" tests="2" name="TestNg.Maven_Project.OrderConfirmationFunctionality" time="91.660" errors="0" timestamp="2024-06-10T16:58:11 GMT-04:00" skipped="0">
  <testcase classname="TestNg.Maven_Project.OrderConfirmationFunctionality" name="validateProductCheckOut" time="48.239"/>
  <system-out/>
  <testcase classname="TestNg.Maven_Project.OrderConfirmationFunctionality" name="validateAddToCart" time="43.421"/>
  <system-out/>
</testsuite> <!-- TestNg.Maven_Project.OrderConfirmationFunctionality -->
