<?xml version="1.0" encoding="UTF-8"?>
<!-- Generated by org.testng.reporters.JUnitReportReporter -->
<testsuite hostname="Gurleen-96" failures="0" tests="1" name="TestNg.Maven_Project.AddProductToCart" time="49.426" errors="0" timestamp="2024-06-10T14:24:40 GMT-04:00" skipped="0">
  <testcase classname="TestNg.Maven_Project.AddProductToCart" name="validateProductCheckOut" time="49.426"/>
  <system-out/>
</testsuite> <!-- TestNg.Maven_Project.AddProductToCart -->
