<?xml version="1.0" encoding="UTF-8"?>
<!-- Generated by org.testng.reporters.JUnitReportReporter -->
<testsuite hostname="Gurleen-96" failures="0" tests="3" name="TestNg.Maven_Project.chapatiProcess" time="0.018" errors="0" timestamp="2024-05-29T18:31:10 GMT-04:00" skipped="0">
  <testcase classname="TestNg.Maven_Project.chapatiProcess" name="rollSecondChapati" time="0.003"/>
  <system-out/>
  <testcase classname="TestNg.Maven_Project.chapatiProcess" name="rollThirdChapati" time="0.005"/>
  <system-out/>
  <testcase classname="TestNg.Maven_Project.chapatiProcess" name="rollFirstChapati" time="0.010"/>
  <system-out/>
</testsuite> <!-- TestNg.Maven_Project.chapatiProcess -->
