<?xml version="1.0" encoding="UTF-8"?>
<!-- Generated by org.testng.reporters.JUnitReportReporter -->
<testsuite hostname="Gurleen-96" failures="0" tests="1" name="TestNg.Maven_Project.AutomationLoginPage" time="5.173" errors="0" timestamp="2024-06-06T16:53:58 GMT-04:00" skipped="0">
  <testcase classname="TestNg.Maven_Project.AutomationLoginPage" name="validateLogin" time="5.173"/>
  <system-out/>
</testsuite> <!-- TestNg.Maven_Project.AutomationLoginPage -->
