<?xml version="1.0" encoding="UTF-8"?>
<!-- Generated by org.testng.reporters.JUnitReportReporter -->
<testsuite hostname="Gurleen-96" failures="0" tests="2" name="TestNg.Maven_Project.crmLoginFunctionality" time="12.014" errors="0" timestamp="2024-06-03T19:03:48 GMT-04:00" skipped="0">
  <testcase classname="TestNg.Maven_Project.crmLoginFunctionality" name="validateLoginWithCssSelector" time="6.813"/>
  <system-out/>
  <testcase classname="TestNg.Maven_Project.crmLoginFunctionality" name="validateLoginWithXpath" time="5.201"/>
  <system-out/>
</testsuite> <!-- TestNg.Maven_Project.crmLoginFunctionality -->
